app/build/intermediates/manifest_merge_blame_file/debug/manifest-merger-blame-debug-report.txt
1<?xml version="1.0" encoding="utf-8"?>
2<manifest xmlns:android="http://schemas.android.com/apk/res/android"
3    package="com.example.saycheeze"
4    android:versionCode="1"
5    android:versionName="1.0" >
6
7    <uses-sdk
8        android:minSdkVersion="21"
8-->src\main\AndroidManifest.xml
9        android:targetSdkVersion="30" />
9-->src\main\AndroidManifest.xml
10
11    <uses-permission android:name="android.permission.BLUETOOTH" />
11-->src\main\AndroidManifest.xml:5:5-68
11-->src\main\AndroidManifest.xml:5:22-65
12    <uses-permission android:name="android.permission.BLUETOOTH_ADMIN" />
12-->src\main\AndroidManifest.xml:6:5-74
12-->src\main\AndroidManifest.xml:6:22-71
13    <uses-permission android:name="android.permission.WRITE_EXTERNAL_STORAGE" />
13-->src\main\AndroidManifest.xml:7:5-81
13-->src\main\AndroidManifest.xml:7:22-78
14    <uses-permission android:name="android.permission.CAMERA" />
14-->src\main\AndroidManifest.xml:9:5-64
14-->src\main\AndroidManifest.xml:9:22-62
15
16    <uses-feature
16-->src\main\AndroidManifest.xml:10:5-84
17        android:name="android.hardware.camera"
17-->src\main\AndroidManifest.xml:10:19-57
18        android:required="false" />
18-->src\main\AndroidManifest.xml:10:58-82
19    <uses-feature
19-->src\main\AndroidManifest.xml:11:5-94
20        android:name="android.hardware.camera.autofocus"
20-->src\main\AndroidManifest.xml:11:19-67
21        android:required="false" />
21-->src\main\AndroidManifest.xml:11:68-92
22    <uses-feature
22-->src\main\AndroidManifest.xml:12:5-90
23        android:name="android.hardware.camera.front"
23-->src\main\AndroidManifest.xml:12:19-63
24        android:required="false" />
24-->src\main\AndroidManifest.xml:12:64-88
25    <uses-feature
25-->src\main\AndroidManifest.xml:13:5-101
26        android:name="android.hardware.camera.front.autofocus"
26-->src\main\AndroidManifest.xml:13:19-73
27        android:required="false" />
27-->src\main\AndroidManifest.xml:13:75-99
28
29    <supports-screens
29-->src\main\AndroidManifest.xml:16:5-21:37
30        android:anyDensity="true"
30-->src\main\AndroidManifest.xml:21:9-34
31        android:largeScreens="true"
31-->src\main\AndroidManifest.xml:20:9-36
32        android:normalScreens="true"
32-->src\main\AndroidManifest.xml:19:9-37
33        android:resizeable="true"
33-->src\main\AndroidManifest.xml:16:23-48
34        android:smallScreens="true" />
34-->src\main\AndroidManifest.xml:18:9-36
35
36    <application
36-->src\main\AndroidManifest.xml:23:5-52:19
37        android:allowBackup="true"
37-->src\main\AndroidManifest.xml:24:9-35
38        android:appComponentFactory="androidx.core.app.CoreComponentFactory"
38-->[androidx.core:core:1.1.0] AndroidManifest.xml:24:18-86
39        android:debuggable="true"
40        android:icon="@mipmap/ic_launcher"
40-->src\main\AndroidManifest.xml:26:9-43
41        android:label="@string/app_name"
41-->src\main\AndroidManifest.xml:27:9-41
42        android:requestLegacyExternalStorage="true"
42-->src\main\AndroidManifest.xml:25:9-52
43        android:roundIcon="@mipmap/ic_launcher_round"
43-->src\main\AndroidManifest.xml:28:9-54
44        android:supportsRtl="true"
44-->src\main\AndroidManifest.xml:29:9-35
45        android:testOnly="true"
46        android:theme="@style/AppTheme" >
46-->src\main\AndroidManifest.xml:30:9-40
47        <activity
47-->src\main\AndroidManifest.xml:31:9-40:20
48            android:name="com.example.saycheeze.MainActivity"
48-->src\main\AndroidManifest.xml:31:19-47
49            android:configChanges="keyboardHidden|orientation"
49-->src\main\AndroidManifest.xml:33:13-63
50            android:screenOrientation="landscape" >
50-->src\main\AndroidManifest.xml:32:13-50
51            <intent-filter>
51-->src\main\AndroidManifest.xml:35:13-39:29
52                <action android:name="android.intent.action.MAIN" />
52-->src\main\AndroidManifest.xml:36:17-69
52-->src\main\AndroidManifest.xml:36:25-66
53
54                <category android:name="android.intent.category.LAUNCHER" />
54-->src\main\AndroidManifest.xml:38:17-77
54-->src\main\AndroidManifest.xml:38:27-74
55            </intent-filter>
56        </activity>
57        <activity android:name="com.example.saycheeze.bluetoothActivity" >
57-->src\main\AndroidManifest.xml:42:9-44:20
57-->src\main\AndroidManifest.xml:42:19-52
58        </activity>
59        <activity
59-->src\main\AndroidManifest.xml:46:9-51:20
60            android:name="com.example.saycheeze.NewActivity"
60-->src\main\AndroidManifest.xml:46:19-46
61            android:configChanges="keyboardHidden|orientation"
61-->src\main\AndroidManifest.xml:48:13-63
62            android:screenOrientation="landscape" >
62-->src\main\AndroidManifest.xml:47:13-50
63        </activity>
64    </application>
65
66</manifest>